2026-04-25 09:03:55,095 - train_model - INFO - Loading training data...
2026-04-25 09:03:55,149 - train_model - INFO - Total samples: 1069
2026-04-25 09:03:55,157 - train_model - INFO -   Correct:   836
2026-04-25 09:03:55,161 - train_model - INFO -   Incorrect: 233
2026-04-25 09:03:55,161 - train_model - INFO - Feature count verified: 135 features (excluding label)
2026-04-25 09:03:55,178 - train_model - INFO - Balanced dataset: 1672 samples
2026-04-25 09:03:55,181 - train_model - INFO -   Correct:   836
2026-04-25 09:03:55,183 - train_model - INFO -   Incorrect: 836
2026-04-25 09:03:55,192 - train_model - INFO - 
Training samples: 1337
2026-04-25 09:03:55,193 - train_model - INFO - Testing samples:  335
2026-04-25 09:03:55,193 - train_model - INFO - 
Feature columns:
2026-04-25 09:03:55,193 - train_model - INFO - ['avg_shoulder_angle', 'avg_elbow_angle', 'symmetry', 'x0', 'y0', 'z0', 'v0', 'x1', 'y1', 'z1', 'v1', 'x2', 'y2', 'z2', 'v2', 'x3', 'y3', 'z3', 'v3', 'x4', 'y4', 'z4', 'v4', 'x5', 'y5', 'z5', 'v5', 'x6', 'y6', 'z6', 'v6', 'x7', 'y7', 'z7', 'v7', 'x8', 'y8', 'z8', 'v8', 'x9', 'y9', 'z9', 'v9', 'x10', 'y10', 'z10', 'v10', 'x11', 'y11', 'z11', 'v11', 'x12', 'y12', 'z12', 'v12', 'x13', 'y13', 'z13', 'v13', 'x14', 'y14', 'z14', 'v14', 'x15', 'y15', 'z15', 'v15', 'x16', 'y16', 'z16', 'v16', 'x17', 'y17', 'z17', 'v17', 'x18', 'y18', 'z18', 'v18', 'x19', 'y19', 'z19', 'v19', 'x20', 'y20', 'z20', 'v20', 'x21', 'y21', 'z21', 'v21', 'x22', 'y22', 'z22', 'v22', 'x23', 'y23', 'z23', 'v23', 'x24', 'y24', 'z24', 'v24', 'x25', 'y25', 'z25', 'v25', 'x26', 'y26', 'z26', 'v26', 'x27', 'y27', 'z27', 'v27', 'x28', 'y28', 'z28', 'v28', 'x29', 'y29', 'z29', 'v29', 'x30', 'y30', 'z30', 'v30', 'x31', 'y31', 'z31', 'v31', 'x32', 'y32', 'z32', 'v32', 'label']
2026-04-25 09:03:55,193 - train_model - INFO - 
Training model...
2026-04-25 09:03:55,626 - train_model - INFO - 
Model Accuracy: 99.40%
2026-04-25 09:03:55,626 - train_model - INFO - 
Detailed Report:
2026-04-25 09:03:55,638 - train_model - INFO - 
              precision    recall  f1-score   support

     correct       0.99      0.99      0.99       168
   incorrect       0.99      0.99      0.99       167

    accuracy                           0.99       335
   macro avg       0.99      0.99      0.99       335
weighted avg       0.99      0.99      0.99       335

2026-04-25 09:03:55,638 - train_model - INFO - Running 5-Fold cross validation...
2026-04-25 09:03:59,667 - train_model - INFO - KFold Accuracy : 99.34%  (+/- 0.51%)
2026-04-25 09:03:59,667 - train_model - INFO - Per fold       : ['98.5%', '99.7%', '99.4%', '100.0%', '99.1%']
2026-04-25 09:04:00,657 - train_model - INFO - Confusion matrix saved to: C:\Users\LOQ\Desktop\GymForm\confusion_matrix.png
2026-04-25 09:04:00,657 - train_model - INFO - Saving model...
2026-04-25 09:04:00,664 - train_model - INFO - Model saved to: C:\Users\LOQ\Desktop\GymForm\lateral_raise_model.pkl
2026-04-25 09:04:00,664 - train_model - INFO - 
Ready for Script 3 - Live Detection!
